<?xml version="1.0" encoding="UTF-8"?>
<testng-results skipped="0" failed="2" ignored="0" total="4" passed="2">
  <reporter-output>
  </reporter-output>
  <suite name="Suite" duration-ms="48904" started-at="2020-04-17T16:11:23 IST" finished-at="2020-04-17T16:12:12 IST">
    <groups>
    </groups>
    <test name="Test" duration-ms="48904" started-at="2020-04-17T16:11:23 IST" finished-at="2020-04-17T16:12:12 IST">
      <class name="org.leaftaps.testcases.TC004_DeleteLead">
        <test-method status="PASS" signature="setExcelPath()[pri:0, instance:org.leaftaps.testcases.TC004_DeleteLead@3b084709]" name="setExcelPath" is-config="true" duration-ms="0" started-at="2020-04-17T16:11:23 IST" finished-at="2020-04-17T16:11:23 IST">
          <reporter-output>
          </reporter-output>
        </test-method> <!-- setExcelPath -->
        <test-method status="PASS" signature="excelDate()[pri:0, instance:org.leaftaps.testcases.TC004_DeleteLead@3b084709]" name="excelDate" is-config="true" duration-ms="358" started-at="2020-04-17T16:11:23 IST" finished-at="2020-04-17T16:11:23 IST">
          <reporter-output>
          </reporter-output>
        </test-method> <!-- excelDate -->
        <test-method status="PASS" signature="launchBrowser(java.lang.String)[pri:0, instance:org.leaftaps.testcases.TC004_DeleteLead@3b084709]" name="launchBrowser" is-config="true" duration-ms="11056" started-at="2020-04-17T16:11:23 IST" finished-at="2020-04-17T16:11:34 IST">
          <params>
            <param index="0">
              <value>
                <![CDATA[http://leaftaps.com/opentaps/control/main]]>
              </value>
            </param>
          </params>
          <reporter-output>
          </reporter-output>
        </test-method> <!-- launchBrowser -->
        <test-method status="FAIL" signature="deleteLead(java.lang.String, java.lang.String, java.lang.String)[pri:0, instance:org.leaftaps.testcases.TC004_DeleteLead@3b084709]" name="deleteLead" duration-ms="37230" started-at="2020-04-17T16:11:34 IST" data-provider="excelDate" finished-at="2020-04-17T16:12:12 IST">
          <params>
            <param index="0">
              <value>
                <![CDATA[demosalesmanager]]>
              </value>
            </param>
            <param index="1">
              <value>
                <![CDATA[crmsfa]]>
              </value>
            </param>
            <param index="2">
              <value>
                <![CDATA[sanjay ]]>
              </value>
            </param>
          </params>
          <exception class="org.openqa.selenium.TimeoutException">
            <message>
              <![CDATA[Expected condition failed: waiting for element to be clickable: By.xpath: //div[contains(@class,"x-grid3-cell-inner")]/a (tried for 15 second(s) with 500 milliseconds interval)]]>
            </message>
            <full-stacktrace>
              <![CDATA[org.openqa.selenium.TimeoutException: Expected condition failed: waiting for element to be clickable: By.xpath: //div[contains(@class,"x-grid3-cell-inner")]/a (tried for 15 second(s) with 500 milliseconds interval)
at org.openqa.selenium.support.ui.WebDriverWait.timeoutException(WebDriverWait.java:95)
at org.openqa.selenium.support.ui.FluentWait.until(FluentWait.java:272)
at org.leaftaps.pages.FindLeadsPage.clickFirstLead(FindLeadsPage.java:27)
at org.leaftaps.testcases.TC004_DeleteLead.deleteLead(TC004_DeleteLead.java:28)
at sun.reflect.NativeMethodAccessorImpl.invoke0(Native Method)
at sun.reflect.NativeMethodAccessorImpl.invoke(NativeMethodAccessorImpl.java:62)
at sun.reflect.DelegatingMethodAccessorImpl.invoke(DelegatingMethodAccessorImpl.java:43)
at java.lang.reflect.Method.invoke(Method.java:498)
at org.testng.internal.MethodInvocationHelper.invokeMethod(MethodInvocationHelper.java:131)
at org.testng.internal.Invoker.invokeMethod(Invoker.java:658)
at org.testng.internal.Invoker.invokeTestMethod(Invoker.java:792)
at org.testng.internal.Invoker.invokeTestMethods(Invoker.java:1103)
at org.testng.internal.TestMethodWorker.invokeTestMethods(TestMethodWorker.java:140)
at org.testng.internal.TestMethodWorker.run(TestMethodWorker.java:122)
at java.util.concurrent.ThreadPoolExecutor.runWorker(ThreadPoolExecutor.java:1149)
at java.util.concurrent.ThreadPoolExecutor$Worker.run(ThreadPoolExecutor.java:624)
at java.lang.Thread.run(Thread.java:748)
Caused by: org.openqa.selenium.NoSuchElementException: no such element: Unable to locate element: {"method":"xpath","selector":"//div[contains(@class,"x-grid3-cell-inner")]/a"}
  (Session info: chrome=79.0.3945.130)
For documentation on this error, please visit: https://www.seleniumhq.org/exceptions/no_such_element.html
Build info: version: '3.141.59', revision: 'e82be7d358', time: '2018-11-14T08:17:03'
System info: host: 'PC452946', ip: '171.49.219.4', os.name: 'Windows 10', os.arch: 'amd64', os.version: '10.0', java.version: '1.8.0_192'
Driver info: org.openqa.selenium.chrome.ChromeDriver
Capabilities {acceptInsecureCerts: false, browserName: chrome, browserVersion: 79.0.3945.130, chrome: {chromedriverVersion: 79.0.3945.36 (3582db32b3389..., userDataDir: C:\Users\456875\AppData\Loc...}, goog:chromeOptions: {debuggerAddress: localhost:58493}, javascriptEnabled: true, networkConnectionEnabled: false, pageLoadStrategy: normal, platform: WINDOWS, platformName: WINDOWS, proxy: Proxy(), setWindowRect: true, strictFileInteractability: false, timeouts: {implicit: 0, pageLoad: 300000, script: 30000}, unhandledPromptBehavior: dismiss and notify}
Session ID: 56f78b5b93ad4b4c0eff6bc33fe48dba
*** Element info: {Using=xpath, value=//div[contains(@class,"x-grid3-cell-inner")]/a}
at sun.reflect.NativeConstructorAccessorImpl.newInstance0(Native Method)
at sun.reflect.NativeConstructorAccessorImpl.newInstance(NativeConstructorAccessorImpl.java:62)
at sun.reflect.DelegatingConstructorAccessorImpl.newInstance(DelegatingConstructorAccessorImpl.java:45)
at java.lang.reflect.Constructor.newInstance(Constructor.java:423)
at org.openqa.selenium.remote.http.W3CHttpResponseCodec.createException(W3CHttpResponseCodec.java:187)
at org.openqa.selenium.remote.http.W3CHttpResponseCodec.decode(W3CHttpResponseCodec.java:122)
at org.openqa.selenium.remote.http.W3CHttpResponseCodec.decode(W3CHttpResponseCodec.java:49)
at org.openqa.selenium.remote.HttpCommandExecutor.execute(HttpCommandExecutor.java:158)
at org.openqa.selenium.remote.service.DriverCommandExecutor.execute(DriverCommandExecutor.java:83)
at org.openqa.selenium.remote.RemoteWebDriver.execute(RemoteWebDriver.java:552)
at org.openqa.selenium.remote.RemoteWebDriver.findElement(RemoteWebDriver.java:323)
at org.openqa.selenium.remote.RemoteWebDriver.findElementByXPath(RemoteWebDriver.java:428)
at org.openqa.selenium.By$ByXPath.findElement(By.java:353)
at org.openqa.selenium.remote.RemoteWebDriver.findElement(RemoteWebDriver.java:315)
at org.openqa.selenium.support.ui.ExpectedConditions$7.apply(ExpectedConditions.java:205)
at org.openqa.selenium.support.ui.ExpectedConditions$7.apply(ExpectedConditions.java:201)
at org.openqa.selenium.support.ui.ExpectedConditions$22.apply(ExpectedConditions.java:641)
at org.openqa.selenium.support.ui.ExpectedConditions$22.apply(ExpectedConditions.java:638)
at org.openqa.selenium.support.ui.FluentWait.until(FluentWait.java:249)
... 15 more
]]>
            </full-stacktrace>
          </exception> <!-- org.openqa.selenium.TimeoutException -->
          <reporter-output>
          </reporter-output>
        </test-method> <!-- deleteLead -->
      </class> <!-- org.leaftaps.testcases.TC004_DeleteLead -->
      <class name="org.leaftaps.testcases.TC002_CreateLead">
        <test-method status="PASS" signature="setExcelPath()[pri:0, instance:org.leaftaps.testcases.TC002_CreateLead@22a67b4]" name="setExcelPath" is-config="true" duration-ms="0" started-at="2020-04-17T16:11:23 IST" finished-at="2020-04-17T16:11:23 IST">
          <reporter-output>
          </reporter-output>
        </test-method> <!-- setExcelPath -->
        <test-method status="PASS" signature="excelDate()[pri:0, instance:org.leaftaps.testcases.TC002_CreateLead@22a67b4]" name="excelDate" is-config="true" duration-ms="358" started-at="2020-04-17T16:11:23 IST" finished-at="2020-04-17T16:11:23 IST">
          <reporter-output>
          </reporter-output>
        </test-method> <!-- excelDate -->
        <test-method status="PASS" signature="launchBrowser(java.lang.String)[pri:0, instance:org.leaftaps.testcases.TC002_CreateLead@22a67b4]" name="launchBrowser" is-config="true" duration-ms="11635" started-at="2020-04-17T16:11:23 IST" finished-at="2020-04-17T16:11:35 IST">
          <params>
            <param index="0">
              <value>
                <![CDATA[http://leaftaps.com/opentaps/control/main]]>
              </value>
            </param>
          </params>
          <reporter-output>
          </reporter-output>
        </test-method> <!-- launchBrowser -->
        <test-method status="PASS" signature="createLead(java.lang.String, java.lang.String, java.lang.String, java.lang.String, java.lang.String)[pri:0, instance:org.leaftaps.testcases.TC002_CreateLead@22a67b4]" name="createLead" duration-ms="22171" started-at="2020-04-17T16:11:35 IST" data-provider="excelDate" finished-at="2020-04-17T16:11:57 IST">
          <params>
            <param index="0">
              <value>
                <![CDATA[demosalesmanager]]>
              </value>
            </param>
            <param index="1">
              <value>
                <![CDATA[crmsfa]]>
              </value>
            </param>
            <param index="2">
              <value>
                <![CDATA[cognizant]]>
              </value>
            </param>
            <param index="3">
              <value>
                <![CDATA[sanjay ]]>
              </value>
            </param>
            <param index="4">
              <value>
                <![CDATA[krishnan]]>
              </value>
            </param>
          </params>
          <reporter-output>
          </reporter-output>
        </test-method> <!-- createLead -->
      </class> <!-- org.leaftaps.testcases.TC002_CreateLead -->
      <class name="org.leaftaps.testcases.TC001_LoginLogOut">
        <test-method status="PASS" signature="setExcelPath()[pri:0, instance:org.leaftaps.testcases.TC001_LoginLogOut@79be0360]" name="setExcelPath" is-config="true" duration-ms="22" started-at="2020-04-17T16:11:23 IST" finished-at="2020-04-17T16:11:23 IST">
          <reporter-output>
          </reporter-output>
        </test-method> <!-- setExcelPath -->
        <test-method status="PASS" signature="excelDate()[pri:0, instance:org.leaftaps.testcases.TC001_LoginLogOut@79be0360]" name="excelDate" is-config="true" duration-ms="1063" started-at="2020-04-17T16:11:23 IST" finished-at="2020-04-17T16:11:24 IST">
          <reporter-output>
          </reporter-output>
        </test-method> <!-- excelDate -->
        <test-method status="PASS" signature="launchBrowser(java.lang.String)[pri:0, instance:org.leaftaps.testcases.TC001_LoginLogOut@79be0360]" name="launchBrowser" is-config="true" duration-ms="10570" started-at="2020-04-17T16:11:24 IST" finished-at="2020-04-17T16:11:35 IST">
          <params>
            <param index="0">
              <value>
                <![CDATA[http://leaftaps.com/opentaps/control/main]]>
              </value>
            </param>
          </params>
          <reporter-output>
          </reporter-output>
        </test-method> <!-- launchBrowser -->
        <test-method status="PASS" signature="login(java.lang.String, java.lang.String)[pri:0, instance:org.leaftaps.testcases.TC001_LoginLogOut@79be0360]" name="login" duration-ms="3106" started-at="2020-04-17T16:11:35 IST" data-provider="excelDate" finished-at="2020-04-17T16:11:38 IST">
          <params>
            <param index="0">
              <value>
                <![CDATA[demosalesmanager]]>
              </value>
            </param>
            <param index="1">
              <value>
                <![CDATA[crmsfa]]>
              </value>
            </param>
          </params>
          <reporter-output>
          </reporter-output>
        </test-method> <!-- login -->
      </class> <!-- org.leaftaps.testcases.TC001_LoginLogOut -->
      <class name="org.leaftaps.testcases.TC003_EditLead">
        <test-method status="PASS" signature="setExcelPath()[pri:0, instance:org.leaftaps.testcases.TC003_EditLead@57855c9a]" name="setExcelPath" is-config="true" duration-ms="1" started-at="2020-04-17T16:11:23 IST" finished-at="2020-04-17T16:11:23 IST">
          <reporter-output>
          </reporter-output>
        </test-method> <!-- setExcelPath -->
        <test-method status="PASS" signature="excelDate()[pri:0, instance:org.leaftaps.testcases.TC003_EditLead@57855c9a]" name="excelDate" is-config="true" duration-ms="358" started-at="2020-04-17T16:11:23 IST" finished-at="2020-04-17T16:11:23 IST">
          <reporter-output>
          </reporter-output>
        </test-method> <!-- excelDate -->
        <test-method status="PASS" signature="launchBrowser(java.lang.String)[pri:0, instance:org.leaftaps.testcases.TC003_EditLead@57855c9a]" name="launchBrowser" is-config="true" duration-ms="15459" started-at="2020-04-17T16:11:23 IST" finished-at="2020-04-17T16:11:39 IST">
          <params>
            <param index="0">
              <value>
                <![CDATA[http://leaftaps.com/opentaps/control/main]]>
              </value>
            </param>
          </params>
          <reporter-output>
          </reporter-output>
        </test-method> <!-- launchBrowser -->
        <test-method status="FAIL" signature="editLead(java.lang.String, java.lang.String, java.lang.String, java.lang.String)[pri:0, instance:org.leaftaps.testcases.TC003_EditLead@57855c9a]" name="editLead" duration-ms="32018" started-at="2020-04-17T16:11:39 IST" data-provider="excelDate" finished-at="2020-04-17T16:12:11 IST">
          <params>
            <param index="0">
              <value>
                <![CDATA[demosalesmanager]]>
              </value>
            </param>
            <param index="1">
              <value>
                <![CDATA[crmsfa]]>
              </value>
            </param>
            <param index="2">
              <value>
                <![CDATA[sanjay ]]>
              </value>
            </param>
            <param index="3">
              <value>
                <![CDATA[IT]]>
              </value>
            </param>
          </params>
          <exception class="org.openqa.selenium.TimeoutException">
            <message>
              <![CDATA[Expected condition failed: waiting for element to be clickable: By.xpath: //div[contains(@class,"x-grid3-cell-inner")]/a (tried for 15 second(s) with 500 milliseconds interval)]]>
            </message>
            <full-stacktrace>
              <![CDATA[org.openqa.selenium.TimeoutException: Expected condition failed: waiting for element to be clickable: By.xpath: //div[contains(@class,"x-grid3-cell-inner")]/a (tried for 15 second(s) with 500 milliseconds interval)
at org.openqa.selenium.support.ui.WebDriverWait.timeoutException(WebDriverWait.java:95)
at org.openqa.selenium.support.ui.FluentWait.until(FluentWait.java:272)
at org.leaftaps.pages.FindLeadsPage.clickFirstLead(FindLeadsPage.java:27)
at org.leaftaps.testcases.TC003_EditLead.editLead(TC003_EditLead.java:26)
at sun.reflect.NativeMethodAccessorImpl.invoke0(Native Method)
at sun.reflect.NativeMethodAccessorImpl.invoke(NativeMethodAccessorImpl.java:62)
at sun.reflect.DelegatingMethodAccessorImpl.invoke(DelegatingMethodAccessorImpl.java:43)
at java.lang.reflect.Method.invoke(Method.java:498)
at org.testng.internal.MethodInvocationHelper.invokeMethod(MethodInvocationHelper.java:131)
at org.testng.internal.Invoker.invokeMethod(Invoker.java:658)
at org.testng.internal.Invoker.invokeTestMethod(Invoker.java:792)
at org.testng.internal.Invoker.invokeTestMethods(Invoker.java:1103)
at org.testng.internal.TestMethodWorker.invokeTestMethods(TestMethodWorker.java:140)
at org.testng.internal.TestMethodWorker.run(TestMethodWorker.java:122)
at java.util.concurrent.ThreadPoolExecutor.runWorker(ThreadPoolExecutor.java:1149)
at java.util.concurrent.ThreadPoolExecutor$Worker.run(ThreadPoolExecutor.java:624)
at java.lang.Thread.run(Thread.java:748)
Caused by: org.openqa.selenium.NoSuchElementException: no such element: Unable to locate element: {"method":"xpath","selector":"//div[contains(@class,"x-grid3-cell-inner")]/a"}
  (Session info: chrome=79.0.3945.130)
For documentation on this error, please visit: https://www.seleniumhq.org/exceptions/no_such_element.html
Build info: version: '3.141.59', revision: 'e82be7d358', time: '2018-11-14T08:17:03'
System info: host: 'PC452946', ip: '171.49.219.4', os.name: 'Windows 10', os.arch: 'amd64', os.version: '10.0', java.version: '1.8.0_192'
Driver info: org.openqa.selenium.chrome.ChromeDriver
Capabilities {acceptInsecureCerts: false, browserName: chrome, browserVersion: 79.0.3945.130, chrome: {chromedriverVersion: 79.0.3945.36 (3582db32b3389..., userDataDir: C:\Users\456875\AppData\Loc...}, goog:chromeOptions: {debuggerAddress: localhost:58521}, javascriptEnabled: true, networkConnectionEnabled: false, pageLoadStrategy: normal, platform: WINDOWS, platformName: WINDOWS, proxy: Proxy(), setWindowRect: true, strictFileInteractability: false, timeouts: {implicit: 0, pageLoad: 300000, script: 30000}, unhandledPromptBehavior: dismiss and notify}
Session ID: 1de3ee65d925c290470106e03830f1e5
*** Element info: {Using=xpath, value=//div[contains(@class,"x-grid3-cell-inner")]/a}
at sun.reflect.NativeConstructorAccessorImpl.newInstance0(Native Method)
at sun.reflect.NativeConstructorAccessorImpl.newInstance(NativeConstructorAccessorImpl.java:62)
at sun.reflect.DelegatingConstructorAccessorImpl.newInstance(DelegatingConstructorAccessorImpl.java:45)
at java.lang.reflect.Constructor.newInstance(Constructor.java:423)
at org.openqa.selenium.remote.http.W3CHttpResponseCodec.createException(W3CHttpResponseCodec.java:187)
at org.openqa.selenium.remote.http.W3CHttpResponseCodec.decode(W3CHttpResponseCodec.java:122)
at org.openqa.selenium.remote.http.W3CHttpResponseCodec.decode(W3CHttpResponseCodec.java:49)
at org.openqa.selenium.remote.HttpCommandExecutor.execute(HttpCommandExecutor.java:158)
at org.openqa.selenium.remote.service.DriverCommandExecutor.execute(DriverCommandExecutor.java:83)
at org.openqa.selenium.remote.RemoteWebDriver.execute(RemoteWebDriver.java:552)
at org.openqa.selenium.remote.RemoteWebDriver.findElement(RemoteWebDriver.java:323)
at org.openqa.selenium.remote.RemoteWebDriver.findElementByXPath(RemoteWebDriver.java:428)
at org.openqa.selenium.By$ByXPath.findElement(By.java:353)
at org.openqa.selenium.remote.RemoteWebDriver.findElement(RemoteWebDriver.java:315)
at org.openqa.selenium.support.ui.ExpectedConditions$7.apply(ExpectedConditions.java:205)
at org.openqa.selenium.support.ui.ExpectedConditions$7.apply(ExpectedConditions.java:201)
at org.openqa.selenium.support.ui.ExpectedConditions$22.apply(ExpectedConditions.java:641)
at org.openqa.selenium.support.ui.ExpectedConditions$22.apply(ExpectedConditions.java:638)
at org.openqa.selenium.support.ui.FluentWait.until(FluentWait.java:249)
... 15 more
]]>
            </full-stacktrace>
          </exception> <!-- org.openqa.selenium.TimeoutException -->
          <reporter-output>
          </reporter-output>
        </test-method> <!-- editLead -->
      </class> <!-- org.leaftaps.testcases.TC003_EditLead -->
    </test> <!-- Test -->
  </suite> <!-- Suite -->
</testng-results>
